  1.2.c
C:\C-language\C-language\Chapter\Chapter1\1.2.c(29,6): error C2086: “int fahr”: 重定义
      C:\C-language\C-language\Chapter\Chapter1\1.2.c(14,6):
      参见“fahr”的声明
  
C:\C-language\C-language\Chapter\Chapter1\1.2.c(29,12): error C2086: “int celsius”: 重定义
      C:\C-language\C-language\Chapter\Chapter1\1.2.c(14,12):
      参见“celsius”的声明
  
C:\C-language\C-language\Chapter\Chapter1\1.2.c(30,6): error C2086: “int lower”: 重定义
      C:\C-language\C-language\Chapter\Chapter1\1.2.c(15,6):
      参见“lower”的声明
  
C:\C-language\C-language\Chapter\Chapter1\1.2.c(30,13): error C2086: “int upper”: 重定义
      C:\C-language\C-language\Chapter\Chapter1\1.2.c(15,13):
      参见“upper”的声明
  
C:\C-language\C-language\Chapter\Chapter1\1.2.c(30,20): error C2086: “int step”: 重定义
      C:\C-language\C-language\Chapter\Chapter1\1.2.c(15,20):
      参见“step”的声明
  
C:\C-language\C-language\Chapter\Chapter1\1.2.c(44,8): warning C4142: "fahr": 类型的良性重定义
      C:\C-language\C-language\Chapter\Chapter1\1.2.c(14,6):
      参见“fahr”的声明
  
C:\C-language\C-language\Chapter\Chapter1\1.2.c(44,8): error C2086: “int fahr”: 重定义
      C:\C-language\C-language\Chapter\Chapter1\1.2.c(14,6):
      参见“fahr”的声明
  
C:\C-language\C-language\Chapter\Chapter1\1.2.c(44,14): warning C4142: "celsius": 类型的良性重定义
      C:\C-language\C-language\Chapter\Chapter1\1.2.c(14,12):
      参见“celsius”的声明
  
C:\C-language\C-language\Chapter\Chapter1\1.2.c(44,14): error C2086: “int celsius”: 重定义
      C:\C-language\C-language\Chapter\Chapter1\1.2.c(14,12):
      参见“celsius”的声明
  
C:\C-language\C-language\Chapter\Chapter1\1.2.c(45,6): error C2086: “int lower”: 重定义
      C:\C-language\C-language\Chapter\Chapter1\1.2.c(15,6):
      参见“lower”的声明
  
C:\C-language\C-language\Chapter\Chapter1\1.2.c(45,13): error C2086: “int upper”: 重定义
      C:\C-language\C-language\Chapter\Chapter1\1.2.c(15,13):
      参见“upper”的声明
  
C:\C-language\C-language\Chapter\Chapter1\1.2.c(45,20): error C2086: “int step”: 重定义
      C:\C-language\C-language\Chapter\Chapter1\1.2.c(15,20):
      参见“step”的声明
  
C:\C-language\C-language\Chapter\Chapter1\1.2.c(54,25): warning C4244: “=”: 从“double”转换到“int”，可能丢失数据
C:\C-language\C-language\Chapter\Chapter1\1.2.c(55,10): warning C4477: “printf”: 格式字符串“%3.0f”需要类型“double”的参数，但可变参数 1 拥有了类型“int”
C:\C-language\C-language\Chapter\Chapter1\1.2.c(55,10): warning C4477: “printf”: 格式字符串“%7.1f”需要类型“double”的参数，但可变参数 2 拥有了类型“int”
  1.3.c
C:\C-language\C-language\Chapter\Chapter1\1.3.c(22,6): error C2086: “int fahr”: 重定义
      C:\C-language\C-language\Chapter\Chapter1\1.3.c(15,6):
      参见“fahr”的声明
  
  1.4.c
  1.5.c
C:\C-language\C-language\Chapter\Chapter1\1.5.c(24,6): error C2086: “int c”: 重定义
      C:\C-language\C-language\Chapter\Chapter1\1.5.c(14,6):
      参见“c”的声明
  
C:\C-language\C-language\Chapter\Chapter1\1.5.c(32,6): error C2086: “int c”: 重定义
      C:\C-language\C-language\Chapter\Chapter1\1.5.c(14,6):
      参见“c”的声明
  
C:\C-language\C-language\Chapter\Chapter1\1.5.c(48,9): error C2371: “nc”: 重定义；不同的基类型
      C:\C-language\C-language\Chapter\Chapter1\1.5.c(41,7):
      参见“nc”的声明
  
C:\C-language\C-language\Chapter\Chapter1\1.5.c(51,9): warning C4477: “printf”: 格式字符串“%.0f”需要类型“double”的参数，但可变参数 1 拥有了类型“long”
  正在生成代码...
